304000 304072 0 0 -1 0 0 0 0 0 0 -8 0 67 66 25 20 18 10 10 30 35 45 55 16 8 9 5 
1007000 1007132 0 0 0 3 -40 0 4 -39 10 10 60 62 61 25 20 18 10 10 30 35 45 55 16 8 8 5 
1299500 1299620 0 0 0 -12 -43 0 -11 -41 -6 -6 48 61 61 25 20 18 10 10 30 35 45 55 16 8 8 5 
1528000 1528082 0 0 0 -16 -41 0 -16 -41 -13 -13 42 61 61 25 20 18 10 10 30 35 45 55 16 8 8 5 
1693000 1693059 0 0 0 -15 -33 0 -18 -33 -15 -15 30 63 65 25 20 18 10 10 30 35 45 55 16 6 8 5 
1751000 1751105 0 0 0 -10 -32 0 -8 -32 -2 -2 43 62 61 25 20 18 10 10 30 35 45 55 16 6 8 5 
1881500 1881537 0 -1 7 -64 -75 -51 -65 -81 -62 -62 32 73 77 25 20 18 10 10 30 35 45 55 16 7 10 5 
1894500 1894518 0 2 7 -102 -120 -90 -107 -122 -105 -105 30 83 83 25 20 18 10 10 30 35 45 55 16 10 5 5 
1919500 1919639 0 -3 7 -62 -91 -50 -59 -90 -52 -52 50 67 67 25 20 18 10 10 30 35 45 55 16 7 8 5 
1930500 1930681 0 -1 7 -63 -102 -51 -58 -98 -54 -54 53 65 64 25 20 18 10 10 30 35 45 55 16 8 8 5 
1939000 1939132 0 2 7 -113 -116 -100 -114 -114 -102 -102 20 81 84 25 20 18 10 10 30 35 45 55 16 9 7 5 
1958000 1958036 0 -3 7 -63 -113 -50 -62 -116 -59 -59 70 62 62 25 20 18 10 10 30 35 45 55 16 8 8 5 
2077500 2077526 0 0 0 -15 -49 0 -15 -48 -11 -11 51 65 65 25 20 18 10 10 30 35 45 55 16 8 8 5 
2104000 2104211 0 0 0 -16 -51 0 -15 -51 -10 -10 53 62 63 25 20 18 10 10 30 35 45 55 16 8 8 5 
2250000 2250152 0 0 0 -32 -62 0 -30 -62 -26 -26 49 64 68 25 20 18 10 10 30 35 45 55 16 7 8 5 
2319000 2319126 0 -1 7 -86 -142 -53 -90 -143 -94 -94 54 86 87 25 20 18 10 10 30 35 45 55 16 11 9 5 
2361500 2361649 0 2 7 -138 -191 -105 -140 -191 -146 -146 51 87 86 25 20 18 10 10 30 35 45 55 16 11 11 5 
2372000 2372044 0 -3 7 -83 -155 -49 -77 -152 -79 -79 76 77 79 25 20 18 10 10 30 35 45 55 16 9 10 5 
2443000 2443065 0 -1 7 -88 -128 -53 -86 -126 -91 -91 41 89 89 25 20 18 10 10 30 35 45 55 16 10 12 5 
2449500 2449604 0 2 7 -143 -190 -107 -140 -190 -140 -140 49 92 90 25 20 18 10 10 30 35 45 55 16 9 11 5 
2456000 2456068 0 -3 7 -83 -155 -48 -81 -157 -89 -89 76 90 92 25 20 18 10 10 30 35 45 55 16 11 11 5 
3231500 3231574 0 -1 7 -99 -155 -51 -97 -152 -88 -88 67 90 91 25 20 18 10 11 31 35 45 55 16 11 11 5 
3447500 3447513 0 2 7 -158 -167 -107 -160 -168 -152 -152 23 78 77 25 20 18 10 10 30 35 45 55 16 10 10 5 
3721000 3721035 0 -3 7 -106 -152 -50 -105 -152 -105 -105 47 77 76 25 20 18 10 11 31 35 45 55 16 10 10 5 
5838500 5838551 0 0 0 -91 -114 0 -92 -115 -96 -96 23 66 67 25 20 18 10 10 30 35 45 55 16 9 8 5 
6075000 6075013 0 0 0 -101 -134 0 -101 -135 -106 -106 33 64 64 25 20 18 10 11 31 35 45 55 16 8 8 5 
6429500 6429531 0 0 0 -84 -100 0 -84 -101 -81 -81 29 65 63 25 20 18 10 11 31 35 45 55 16 8 8 5 
7108000 7108156 0 0 0 -83 -94 0 -82 -94 -80 -80 23 67 70 25 20 18 10 11 31 35 45 55 16 8 8 5 
7736500 7736630 0 0 0 -88 -90 0 -89 -90 -91 -91 2 66 66 25 20 18 10 9 29 35 45 55 16 8 8 5 
8157000 8157107 0 0 0 -84 -90 0 -83 -90 -89 -89 7 62 60 25 20 18 10 9 29 35 45 55 16 8 8 5 
8180500 8180535 0 0 0 -55 -79 0 -56 -81 -65 -65 9 65 60 25 20 18 10 9 29 35 45 55 16 8 8 5 
8803000 8803140 0 0 0 -52 -79 0 -53 -81 -62 -62 13 64 61 25 20 18 10 9 29 35 45 55 16 8 8 5 
8959000 8959067 0 0 0 -68 -99 0 -68 -99 -78 -78 16 62 59 25 20 18 10 9 29 35 45 55 16 8 8 5 
9424000 9424202 0 0 0 -47 -60 0 -47 -60 -58 -58 -5 59 60 25 20 18 10 9 29 35 45 55 16 7 7 5 
9840000 9840002 0 0 0 -55 -72 0 -55 -73 -63 -63 3 61 62 25 20 18 10 9 29 35 45 55 16 8 8 5 
9870000 9870043 0 0 0 -50 -57 0 -48 -55 -54 -54 -13 63 65 25 20 18 10 9 29 35 45 55 16 8 8 5 
10650000 10650084 0 0 0 -39 -64 0 -41 -66 -45 -45 25 61 59 25 20 18 10 10 30 35 45 55 16 8 8 5 
10824500 10824591 0 0 0 -33 -53 0 -34 -52 -38 -38 17 61 61 25 20 18 10 10 30 35 45 55 16 8 7 5 
11462000 11462156 0 0 0 -55 -59 0 -56 -58 -62 -62 1 60 61 25 20 18 10 9 29 35 45 55 16 8 7 5 
12184000 12184138 0 0 0 -45 -57 0 -45 -55 -49 -49 10 63 63 25 20 18 10 9 29 35 45 55 16 8 8 5 
12787500 12787720 0 0 0 -47 -61 0 -49 -60 -52 -52 11 63 64 25 20 18 10 9 29 35 45 55 16 8 8 5 
13215000 13215041 0 0 0 -16 -47 0 -18 -49 -29 -29 15 63 63 25 20 18 10 9 29 35 45 55 16 8 8 5 
13247000 13247199 0 0 0 -18 -46 0 -18 -45 -20 -20 26 64 63 25 20 18 10 10 30 35 45 55 16 8 8 5 
13312500 13312649 0 0 0 -26 -15 0 -25 -15 -26 -26 -11 71 75 25 20 18 10 9 29 35 45 55 16 9 9 5 
13337000 13337129 0 0 0 2 -24 0 4 -23 -7 -7 10 74 76 25 20 18 10 9 29 35 45 55 16 9 10 5 
13419500 13419634 0 0 0 -35 -53 0 -36 -53 -45 -45 1 63 63 25 20 18 10 9 29 35 45 55 16 8 8 5 
13496500 13496709 0 0 0 -32 -55 0 -33 -56 -44 -44 6 63 63 25 20 18 10 9 29 35 45 55 16 8 8 5 
13532000 13532029 0 0 0 -46 -48 0 -47 -48 -44 -44 18 67 68 25 20 18 10 10 30 35 45 55 16 9 8 5 
13759000 13759102 0 0 0 -40 -65 0 -39 -65 -46 -46 25 76 79 25 20 18 10 10 30 35 45 55 16 9 9 5 
13792500 13792609 0 0 0 -33 -109 0 -31 -107 -38 -38 74 88 89 25 20 18 10 10 30 35 45 55 16 11 11 5 
14132000 14132153 0 0 0 -34 -74 0 -32 -74 -42 -42 26 75 77 25 20 18 10 9 29 35 45 55 16 10 9 5 
14368000 14368115 0 0 0 -66 -107 0 -66 -105 -70 -70 39 68 69 25 20 18 10 10 30 35 45 55 16 8 9 5 
14777000 14777093 0 0 0 -70 -100 0 -73 -102 -77 -77 29 68 69 25 20 18 10 10 30 35 45 55 16 9 9 5 
14947500 14947584 0 0 0 -58 -91 0 -58 -92 -62 -62 33 70 69 25 20 18 10 10 30 35 45 55 16 9 9 5 
15099500 15099656 0 0 0 -59 -77 0 -56 -74 -54 -54 33 70 68 25 20 18 10 10 30 35 45 55 16 9 9 5 
15142500 15142565 0 0 0 -61 -106 0 -62 -107 -65 -65 45 71 72 25 20 18 10 10 30 35 45 55 16 9 9 5 
15311500 15311613 0 0 0 -66 -104 0 -68 -105 -78 -78 22 65 67 25 20 18 10 9 29 35 45 55 16 8 8 5 
15452000 15452229 0 0 0 -63 -83 0 -63 -82 -67 -67 19 66 65 25 20 18 10 9 29 35 45 55 16 8 8 5 
15954500 15954662 0 0 0 -47 -82 0 -48 -83 -57 -57 18 63 63 25 20 18 10 9 29 35 45 55 16 8 8 5 
16003000 16003090 0 0 0 -55 -75 0 -55 -74 -66 -66 1 64 64 25 20 18 10 9 29 35 45 55 16 8 8 5 
16080000 16080033 0 0 0 -60 -77 0 -60 -77 -69 -69 1 64 68 25 20 18 10 9 29 35 45 55 16 8 8 5 
16273000 16273077 0 0 0 -73 -67 0 -71 -67 -73 -73 -2 67 69 25 20 18 10 9 29 35 45 55 16 9 8 5 
16417500 16417570 0 0 0 -62 -72 0 -63 -72 -57 -57 29 74 75 25 20 18 10 10 30 35 45 55 16 10 9 5 
16448500 16448571 0 -1 7 -116 -87 -55 -125 -90 -127 -127 -15 99 103 25 20 18 10 9 27 35 45 55 16 13 13 5 
16452500 16452583 0 2 7 -174 -140 -114 -177 -141 -177 -177 -14 101 102 25 20 18 10 9 27 35 45 55 16 13 13 5 
16464500 16464655 0 -3 7 -108 -135 -49 -111 -140 -103 -103 62 91 89 25 20 18 10 8 28 35 45 55 16 11 12 5 
16736500 16736553 0 0 0 -44 -76 0 -44 -75 -46 -46 32 72 70 25 20 18 10 9 29 35 45 55 16 9 9 5 
16967000 16967158 0 0 0 -70 -93 0 -74 -96 -71 -71 35 71 69 25 20 18 10 10 30 35 45 55 16 9 9 5 
16999000 16999203 0 0 0 -35 -73 0 -35 -73 -39 -39 39 71 71 25 20 18 10 10 30 35 45 55 16 9 9 5 
17117000 17117085 0 0 0 -38 -71 0 -41 -72 -45 -45 32 71 71 25 20 18 10 10 30 35 45 55 16 9 9 5 
17173000 17173045 0 0 0 -47 -71 0 -47 -70 -43 -43 37 69 69 25 20 18 10 10 30 35 45 55 16 9 9 5 
17502500 17502629 0 -1 7 -97 -153 -54 -97 -152 -90 -90 64 73 78 25 20 18 10 10 30 35 45 55 16 9 9 5 
17619500 17619531 0 2 7 -148 -217 -107 -161 -216 -171 -171 56 91 101 25 20 18 10 10 28 35 45 55 16 11 12 5 
17625000 17625119 0 -3 7 -88 -210 -47 -85 -208 -91 -91 122 79 79 25 20 18 10 10 30 35 45 55 16 10 9 5 
17633000 17633053 0 -1 7 -93 -218 -51 -96 -221 -101 -101 126 81 82 25 20 18 10 10 30 35 45 55 16 10 10 5 
17684000 17684056 0 2 7 -137 -170 -96 -143 -174 -139 -139 43 78 75 25 20 18 10 10 30 35 45 55 16 10 9 5 
17716500 17716571 0 -3 7 -89 -114 -49 -89 -113 -88 -88 37 74 73 25 20 18 10 10 30 35 45 55 16 10 9 5 
17837000 17837047 0 0 0 -39 -84 0 -36 -83 -30 -30 61 76 76 25 20 18 10 10 30 35 45 55 16 10 10 5 
17940000 17940085 0 0 0 -28 -76 0 -29 -75 -26 -26 60 78 75 25 20 18 10 10 30 35 45 55 16 10 10 5 
18173500 18173507 0 -1 7 -80 -152 -53 -79 -151 -77 -77 87 95 99 25 20 18 10 11 31 35 45 55 16 12 11 5 
18199000 18199000 0 2 7 -117 -194 -91 -107 -191 -106 -106 101 97 96 25 20 18 10 11 31 35 45 55 16 13 12 5 
18205000 18205066 0 -3 7 -73 -171 -47 -74 -171 -66 -66 117 93 96 25 20 18 10 11 31 35 45 55 16 12 11 5 
18347500 18347635 0 -1 7 -76 -153 -51 -74 -151 -69 -69 90 84 87 25 20 18 10 11 31 35 45 55 16 11 11 5 
18362000 18362130 0 2 7 -116 -179 -91 -118 -180 -117 -117 76 90 91 25 20 18 10 11 31 35 45 55 16 12 11 5 
18370000 18370103 0 -3 7 -74 -146 -49 -70 -142 -65 -65 91 86 86 25 20 18 10 11 31 35 45 55 16 11 11 5 
18671500 18671555 0 0 0 -22 -87 0 -22 -87 -24 -24 64 78 77 25 20 18 10 10 30 35 45 55 16 10 10 5 
18846000 18846128 0 -1 7 -80 -172 -51 -75 -173 -69 -69 112 87 92 25 20 18 1load0 11 31 35 45 55 16 10 12 5 
19050000 19050076 0 2 7 -279 -374 -243 -278 -371 -294 -294 94 152 149 25 20 15 10 10 25 35 45 55 16 18 19 5 
19343000 19343068 0 -3 7 -96 -304 -49 -94 -301 -113 -113 206 160 160 25 20 15 10 10 25 35 45 55 16 20 21 5 
19476500 19476596 0 -1 7 -102 -339 -51 -107 -342 -73 -73 266 128 129 25 20 15 10 10 25 35 45 55 16 16 17 5 
19518000 19518079 0 2 7 -247 -364 -194 -256 -370 -217 -217 158 119 120 25 20 15 10 11 26 35 45 55 16 15 15 5 
19663500 19663532 0 -3 7 -107 -198 -49 -106 -198 -102 -102 107 104 103 25 20 17 10 10 28 35 45 55 16 13 13 5 
19830000 19830081 0 0 0 -64 -140 0 -62 -138 -41 -41 102 94 94 25 20 17 10 11 31 35 45 55 16 12 12 5 
19936000 19936012 0 -1 7 -116 -164 -51 -111 -164 -104 -104 68 89 87 25 20 18 10 11 31 35 45 55 16 11 11 5 
19943000 19943015 0 2 7 -275 -373 -210 -302 -407 -301 -301 127 102 102 25 20 18 10 11 29 35 45 55 16 5 5 5 
20064500 20064576 0 -3 7 -115 -179 -50 -113 -176 -109 -109 76 88 87 25 20 17 10 11 31 35 45 55 16 11 11 5 
20228000 20228019 0 -1 7 -120 -186 -53 -111 -181 -99 -99 92 93 93 25 20 17 10 11 31 35 45 55 16 7 6 5 
20230500 20230761 0 2 7 -160 -201 -93 -169 -194 -168 -168 40 98 98 25 20 17 10 11 31 35 45 55 16 4 12 5 
20240000 20240046 0 -3 7 -114 -212 -48 -120 -217 -116 -116 118 104 106 25 20 17 10 11 29 35 45 55 16 14 13 5 
20569000 20569065 0 0 0 -68 -133 0 -71 -134 -75 -75 63 79 79 25 20 17 10 10 30 35 45 55 16 10 10 5 
330000 330049 1 0 -1 0 0 0 0 0 -8 121 0 65 63 25 20 18 10 10 30 35 45 55 16 9 8 5 
1012500 1012685 1 0 0 2 -68 0 0 -69 8 137 70 63 60 25 20 18 10 10 30 35 45 55 16 8 8 5 
1299500 1299620 1 0 0 2 -65 0 3 -64 8 137 68 61 61 25 20 18 10 10 30 35 45 55 16 8 8 5 
1522500 1522668 1 0 0 12 -60 0 12 -59 19 148 72 61 63 25 20 18 10 10 30 35 45 55 16 7 8 5 
1691000 1691010 1 0 0 -3 -60 0 -2 -60 5 134 59 65 68 25 20 18 10 10 30 35 45 55 16 8 6 5 
1762500 1762608 1 0 0 6 -60 0 6 -60 11 140 65 59 60 25 20 18 10 10 30 35 45 55 16 7 7 5 
2077500 2077526 1 0 0 -13 -74 0 -12 -73 -6 123 61 65 65 25 20 18 10 10 30 35 45 55 16 8 8 5 
2100000 2100095 1 0 0 -16 -77 0 -16 -77 -11 118 61 62 63 25 20 18 10 10 30 35 45 55 16 8 8 5 
2253500 2253531 1 0 0 -10 -82 0 -9 -82 -4 125 72 61 60 25 20 18 10 10 30 35 45 55 16 8 8 5 
2818000 2818085 1 0 0 -28 -118 0 -26 -116 -20 109 91 75 75 25 20 18 10 11 31 35 45 55 16 10 9 5 
3922500 3922571 1 0 0 -55 -132 0 -55 -132 -49 80 77 73 75 25 20 18 10 10 30 35 45 55 16 9 9 5 
4318000 4318147 1 0 0 -54 -123 0 -54 -123 -50 79 67 76 76 25 20 18 10 11 31 35 45 55 16 10 10 5 
4385500 4385602 1 0 0 -30 -104 0 -28 -103 -22 107 74 77 77 25 20 18 10 11 31 35 45 55 16 10 10 5 
4742000 4742106 1 0 0 -53 -117 0 -52 -117 -46 83 66 69 69 25 20 18 10 10 30 35 45 55 16 9 9 5 
4875000 4875028 1 0 0 -56 -114 0 -55 -114 -49 80 59 68 68 25 20 18 10 10 30 35 45 55 16 9 9 5 
5029000 5029179 1 0 0 -57 -118 0 -58 -118 -51 78 61 70 71 25 20 18 10 10 30 35 45 55 16 9 9 5 
5282000 5282046 1 0 0 -40 -107 0 -37 -107 -31 98 68 71 73 25 20 18 10 11 31 35 45 55 16 9 9 5 
5630500 5630648 1 0 0 -46 -110 0 -45 -110 -39 90 64 65 65 25 20 18 10 11 31 35 45 55 16 8 8 5 
5664500 5664641 1 0 0 -92 -127 0 -91 -127 -85 44 36 68 67 25 20 18 10 11 31 35 45 55 16 9 9 5 
5833000 5833171 1 0 0 -90 -120 0 -87 -118 -80 49 31 68 68 25 20 18 10 10 30 35 45 55 16 9 8 5 
6067500 6067518 1 0 0 -20 -82 0 -21 -83 -15 114 63 64 63 25 20 18 10 11 31 35 45 55 16 8 8 5 
6439000 6439133 1 0 0 -24 -86 0 -24 -85 -18 111 61 65 66 25 20 18 10 11 31 35 45 55 16 8 8 5 
6770500 6770505 1 0 0 -10 -78 0 -9 -77 -4 125 69 65 66 25 20 18 10 11 31 35 45 55 16 8 8 5 
6821500 6821691 1 0 0 -13 -79 0 -12 -78 -8 121 66 65 65 25 20 18 10 11 31 35 45 55 16 8 8 5 
6845500 6845713 1 0 0 -41 -95 0 -41 -95 -34 95 55 72 69 25 20 18 10 11 31 35 45 55 16 9 9 5 
7106500 7106594 1 0 0 -28 -84 0 -26 -83 -20 109 57 68 68 25 20 18 10 11 31 35 45 55 16 9 9 5 
7187000 7187169 1 0 0 -37 -92 0 -35 -91 -29 100 54 69 67 25 20 18 10 11 31 35 45 55 16 8 9 5 
7194500 7194595 1 13 0 -83 -115 -27 -87 -119 -80 49 32 83 89 25 20 18 10 10 30 35 45 55 16 9 11 5 
7211000 7211184 1 0 0 -100 -122 0 -99 -122 -93 36 23 65 65 25 20 18 10 9 29 35 45 55 16 8 8 5 
7725000 7725041 1 0 0 -86 -111 0 -87 -111 -82 47 25 67 70 25 20 18 10 9 29 35 45 55 16 8 8 5 
8160000 8160205 1 0 0 -85 -112 0 -85 -113 -79 50 28 63 63 25 20 18 10 9 29 35 45 55 16 8 8 5 
8173000 8173126 1 13 0 -41 -85 15 -42 -86 -35 94 44 83 81 25 20 18 10 9 29 35 45 55 16 11 10 5 
8184500 8184552 1 0 0 -31 -80 0 -31 -80 -25 104 48 65 66 25 20 18 10 9 29 35 45 55 16 8 8 5 
8792000 8792078 1 0 0 -31 -81 0 -31 -81 -24 105 51 63 58 25 20 18 10 9 29 35 45 55 16 8 8 5 
8809000 8809163 1 13 0 -59 -100 7 -62 -100 -57 72 38 78 79 25 20 18 10 9 29 35 45 55 16 9 10 5 
8816500 8816540 1 0 0 -82 -104 0 -81 -104 -76 53 23 70 68 25 20 18 10 9 29 35 45 55 16 9 8 5 
8947500 8947721 1 0 0 -96 -117 0 -96 -117 -89 40 22 63 64 25 20 18 10 9 29 35 45 55 16 8 8 5 
9427500 9427743 1 0 0 -95 -116 0 -94 -115 -88 41 22 60 61 25 20 18 10 9 29 35 45 55 16 7 8 5 
9838000 9838028 1 0 0 -103 -120 0 -102 -119 -95 34 19 61 60 25 20 18 10 9 29 35 45 55 16 8 8 5 
9864500 9864618 1 0 0 -74 -112 0 -73 -111 -68 61 37 57 54 25 20 18 10 9 29 35 45 55 16 7 7 5 
10532000 10532189 1 0 0 -53 -97 0 -53 -97 -47 82 44 61 60 25 20 18 10 9 29 35 45 55 16 8 8 5 
10556500 10556573 1 0 0 -92 -112 0 -91 -111 -84 45 22 64 59 25 20 18 10 9 29 35 45 55 16 8 8 5 
10648000 10648095 1 0 0 -91 -116 0 -91 -116 -84 45 25 60 59 25 20 18 10 10 30 35 45 55 16 7 8 5 
10751500 10751528 1 0 0 -89 -113 0 -88 -112 -83 46 22 62 61 25 20 18 10 10 30 35 45 55 16 8 8 5 
10766500 10766643 1 0 0 -54 -93 0 -53 -92 -47 82 38 63 59 25 20 18 10 10 30 35 45 55 16 8 7 5 
10815000 10815052 1 0 0 -35 -83 0 -33 -81 -26 103 49 62 61 25 20 18 10 10 30 35 45 55 16 8 8 5 
11280000 11280047 1 0 0 -27 -79 0 -26 -78 -20 109 53 62 63 25 20 18 10 10 30 35 45 55 16 8 8 5 
11290500 11290577 1 13 0 -76 -108 -17 -79 -108 -73 56 28 77 85 25 20 18 10 9 29 35 45 55 16 11 9 5 
11299000 11299174 1 0 0 -84 -111 0 -85 -112 -80 49 26 58 58 25 20 18 10 9 29 35 45 55 16 7 7 5 
11452500 11452695 1 0 0 -87 -110 0 -86 -110 -79 50 24 59 59 25 20 18 10 9 29 35 45 55 16 7 7 5 
11855500 11855579 1 0 0 -83 -104 0 -82 -103 -77 52 20 64 62 25 20 18 10 9 29 35 45 55 16 8 8 5 
11870500 11870572 1 0 0 -46 -91 0 -47 -91 -40 89 47 60 52 25 20 18 10 10 30 35 45 55 16 8 7 5 
11968000 11968134 1 0 0 -38 -88 0 -38 -88 -32 97 51 64 65 25 20 18 10 10 30 35 45 55 16 8 8 5 
11987000 11987111 1 0 0 -85 -111 0 -85 -111 -79 50 28 62 62 25 20 18 10 9 29 35 45 55 16 8 8 5 
12176500 12176507 1 0 0 -91 -114 0 -90 -114 -82 47 25 66 66 25 20 18 10 9 29 35 45 55 16 8 8 5 
12302000 12302226 1 0 0 -73 -104 0 -73 -104 -67 62 30 62 63 25 20 18 10 9 29 35 45 55 16 8 8 5 
12326500 12326610 1 0 0 -47 -93 0 -46 -92 -40 89 47 64 67 25 20 18 10 9 29 35 45 55 16 8 8 5 
12416500 12416545 1 0 0 -43 -94 0 -43 -94 -37 92 51 62 64 25 20 18 10 10 30 35 45 55 16 8 8 5 
12435000 12435207 1 0 0 -80 -109 0 -79 -108 -72 57 28 65 60 25 20 18 10 10 30 35 45 55 16 7 8 5 
12461500 12461514 1 0 0 -83 -143 0 -82 -142 -77 52 60 88 93 25 20 18 10 9 29 35 45 55 16 11 11 5 
12472500 12472632 1 0 0 -41 -114 0 -41 -113 -36 93 72 79 80 25 20 18 10 9 29 35 45 55 16 10 10 5 
12508000 12508087 1 0 0 -49 -116 0 -49 -116 -44 85 68 77 79 25 20 18 10 10 30 35 45 55 16 9 9 5 
12585000 12585200 1 0 0 -88 -124 0 -87 -123 -81 48 37 68 67 25 20 18 10 10 30 35 45 55 16 9 8 5 
12785500 12785565 1 0 0 -85 -115 0 -85 -115 -80 49 29 63 62 25 20 18 10 9 29 35 45 55 16 8 8 5 
13219000 13219072 1 0 0 -80 -110 0 -80 -109 -75 54 28 64 61 25 20 18 10 9 29 35 45 55 16 8 8 5 
13239500 13239520 1 0 0 -62 -101 0 -62 -101 -57 72 39 72 65 25 20 18 10 10 30 35 45 55 16 10 8 5 
13312500 13312649 1 0 0 -49 -95 0 -48 -94 -43 86 46 71 75 25 20 18 10 9 29 35 45 55 16 9 9 5 
13333000 13333192 1 0 0 -80 -110 0 -81 -111 -75 54 29 69 67 25 20 18 10 9 29 35 45 55 16 9 8 5 
13418500 13418644 1 0 0 -89 -113 0 -89 -112 -82 47 24 63 57 25 20 18 10 9 29 35 45 55 16 8 8 5 
13502000 13502002 1 0 0 -85 -115 0 -82 -113 -75 54 32 78 77 25 20 18 10 9 29 35 45 55 16 9 8 5 
13516000 13516025 1 13 0 -53 -100 1 -53 -101 -47 82 49 71 70 25 20 18 10 10 30 35 45 55 16 9 9 5 
13528000 13528153 1 0 0 -28 -90 0 -30 -90 -24 105 61 71 76 25 20 18 10 10 30 35 45 55 16 9 9 5 
13749500 13749542 1 0 0 -28 -91 0 -27 -91 -21 108 65 66 65 25 20 18 10 10 30 35 45 55 16 8 8 5 
13762000 13762128 1 13 0 -50 -102 8 -48 -100 -43 86 53 78 79 25 20 18 10 10 30 35 45 55 16 10 10 5 
13772000 13772112 1 0 0 -83 -121 0 -80 -119 -75 54 38 86 86 25 20 18 10 10 30 35 45 55 16 10 10 5 
14134000 14134186 1 0 0 -64 -108 0 -64 -107 -58 71 44 73 74 25 20 18 10 9 29 35 45 55 16 9 9 5 
14400000 14400144 1 0 0 -54 -109 0 -55 -109 -49 80 54 70 72 25 20 18 10 10 30 35 45 55 16 9 9 5 
14767500 14767641 1 0 0 -29 -101 0 -29 -101 -24 105 71 74 74 25 20 18 10 10 30 35 45 55 16 9 9 5 
14947500 14947584 1 0 0 -7 -84 0 -8 -85 -4 125 76 70 69 25 20 18 10 10 30 35 45 55 16 9 9 5 
15097500 15097515 1 0 0 -13 -85 0 -13 -85 -8 121 71 69 71 25 20 18 10 10 30 35 45 55 16 9 9 5 
15137000 15137083 1 0 0 -35 -112 0 -38 -112 -32 97 74 74 66 25 20 18 10 10 30 35 45 55 16 9 9 5 
15307500 15307664 1 0 0 -85 -114 0 -85 -114 -79 50 29 65 66 25 20 18 10 9 29 35 45 55 16 8 8 5 
15454000 15454067 1 0 0 -89 -115 0 -90 -116 -85 44 26 65 64 25 20 18 10 9 29 35 45 55 16 8 8 5 
15956500 15956576 1 0 0 -88 -113 0 -88 -113 -83 46 23 63 60 25 20 18 10 9 29 35 45 55 16 8 8 5 
15990000 15990140 1 0 0 -43 -91 0 -43 -91 -37 92 49 63 65 25 20 18 10 9 29 35 45 55 16 8 8 5 
16074500 16074697 1 0 0 -35 -85 0 -35 -84 -29 100 49 65 65 25 20 18 10 9 29 35 45 55 16 8 8 5 
16275000 16275115 1 0 0 -28 -80 0 -28 -80 -22 107 52 66 66 25 20 18 10 9 29 35 45 55 16 8 8 5 
16378000 16378146 1 0 0 -31 -86 0 -30 -86 -23 106 57 74 73 25 20 18 10 9 29 35 45 55 16 9 9 5 
16395000 16395096 1 0 0 0 -66 0 0 -66 6 135 65 66 65 25 20 18 10 10 30 35 45 55 16 8 8 5 
16440000 16440030 1 0 0 4 -65 0 4 -65 9 138 68 68 69 25 20 18 10 10 30 35 45 55 16 8 9 5 
16447500 16447543 1 13 0 -67 -106 -41 -73 -107 -66 63 34 96 100 25 20 18 10 9 27 35 45 55 16 11 13 5 
16463500 16463602 1 0 0 -89 -152 0 -88 -152 -82 47 64 91 86 25 20 18 10 8 28 35 45 55 16 12 11 5 
16564500 16564521 1 0 0 -36 -121 0 -37 -121 -31 98 85 75 73 25 20 18 10 10 30 35 45 55 16 10 9 5 
16717500 16717520 1 0 0 -57 -106 0 -56 -106 -49 80 50 70 69 25 20 18 10 9 29 35 45 55 16 9 8 5 
16965000 16965081 1 0 0 -48 -110 0 -48 -109 -43 86 62 73 79 25 20 18 10 10 30 35 45 55 16 9 9 5 
17000500 17000658 1 0 0 -8 -84 0 -8 -83 -1 128 74 72 74 25 20 18 10 10 30 35 45 55 16 9 9 5 
17074000 17074018 1 0 0 -12 -92 0 -12 -91 -7 122 79 70 72 25 20 18 10 10 30 35 45 55 16 9 9 5 
17169500 17169533 1 0 0 -27 -91 0 -25 -90 -18 111 66 70 71 25 20 18 10 10 30 35 45 55 16 9 9 5 
17436000 17436007 1 -1 7 -77 -114 -51 -76 -113 -70 59 36 80 79 25 20 18 10 10 30 35 45 55 16 10 10 5 
17619000 17619080 1 2 7 -131 -179 -106 -126 -180 -120 9 53 91 97 25 20 18 10 10 30 35 45 55 16 9 12 5 
17625500 17625505 1 -3 7 -73 -162 -48 -75 -165 -70 59 90 79 75 25 20 18 10 10 30 35 45 55 16 10 8 5 
17831000 17831064 1 0 0 -25 -110 0 -23 -109 -18 111 86 74 71 25 20 18 10 10 30 35 45 55 16 9 9 5 
17942000 17942158 1 0 0 -16 -100 0 -18 -100 -13 116 82 78 81 25 20 18 10 10 30 35 45 55 16 10 10 5 
18120000 18120162 1 0 0 3 -84 0 2 -85 8 137 87 79 80 25 20 18 10 11 31 35 45 55 16 10 10 5 
18288500 18288852 1 -1 7 -56 -127 -56 -69 -132 -64 65 63 97 100 25 20 18 10 11 29 35 45 55 16 8 13 5 
18293000 18293231 1 2 7 -98 -163 -97 -95 -163 -89 40 70 104 101 25 20 18 10 11 29 35 45 55 16 9 11 5 
18301500 18301587 1 -3 7 -45 -166 -44 -43 -167 -36 93 126 95 96 25 20 18 10 11 31 35 45 55 16 12 12 5 
18680500 18680578 1 0 0 -8 -85 0 -7 -84 0 129 78 79 80 25 20 18 10 10 30 35 45 55 16 10 10 5 
18863000 18863107 1 -1 7 -64 -153 -57 -61 -151 -55 74 92 98 99 25 20 17 10 11 31 35 45 55 16 12 13 5 
18868500 18868603 1 2 7 -170 -211 -164 -173 -213 -169 -40 39 113 113 25 20 17 10 11 27 35 45 55 16 14 15 5 
19093000 19093184 1 -3 7 -55 -193 -49 -55 -192 -50 79 138 140 142 25 20 15 10 10 25 35 45 55 16 17 17 5 
19104500 19104521 1 -1 7 -57 -192 -51 -57 -191 -50 79 135 139 136 25 20 15 10 10 25 35 45 55 16 17 16 5 
19132000 19132173 1 2 7 -95 -200 -89 -97 -201 -90 39 105 155 155 25 20 15 10 10 25 35 45 55 16 19 20 5 
19143000 19143044 1 -3 7 -53 -187 -47 -51 -185 -46 83 132 153 153 25 20 15 10 10 25 35 45 55 16 19 19 5 
19460500 19460534 1 -1 7 51 -160 56 50 -156 57 186 206 153 153 25 20 15 10 10 25 35 45 55 16 20 19 5 
19467000 19467044 1 2 7 106 -168 110 108 -164 112 241 270 141 140 25 20 15 10 10 25 35 45 55 16 19 18 5 
19477000 19477061 1 -3 7 42 -202 47 40 -203 47 176 244 128 128 25 20 15 10 10 25 35 45 55 16 16 17 5 
19871500 19871630 1 0 0 -3 -123 0 -3 -122 3 132 119 88 89 25 20 17 10 11 31 35 45 55 16 11 11 5 
19982500 19982643 1 -1 7 -57 -164 -51 -65 -166 -62 67 99 102 105 25 20 17 10 11 29 35 45 55 16 11 9 5 
19996500 19996547 1 2 7 -94 -168 -88 -94 -168 -88 41 74 115 115 25 20 17 10 11 27 35 45 55 16 15 9 5 
20002500 20002757 1 -3 7 -52 -158 -46 -53 -159 -45 84 107 108 107 25 20 17 10 11 29 35 45 55 16 8 9 5 
20569000 20569065 1 0 0 -19 -102 0 -20 -102 -14 115 81 79 79 25 20 17 10 10 30 35 45 55 16 10 10 5 
